<?xml version="1.0" encoding="UTF-8"?>
<!-- Generated by org.testng.reporters.JUnitReportReporter -->
<testsuite hostname="ATMECSINDT-045" failures="0" tests="1" name="com.atmecs.automation.testsuite.BaseClass" time="8.712" errors="0" timestamp="2020-03-10T17:53:46 IST" skipped="0">
  <testcase classname="com.atmecs.automation.testsuite.BaseClass" name="invokeBrowser" time="8.712"/>
</testsuite> <!-- com.atmecs.automation.testsuite.BaseClass -->
